2022-11-28 09:59:34.535  INFO 22464 --- [main] c.m.result.ResultApplication             : Starting ResultApplication using Java 19.0.1 on ShenWei with PID 22464 (C:\Users\shenw\Documents\GitHub\pru15-malaysia-backend\target\classes started by shenw in C:\Users\shenw\Documents\GitHub\pru15-malaysia-backend)
2022-11-28 09:59:34.538  INFO 22464 --- [main] c.m.result.ResultApplication             : No active profile set, falling back to 1 default profile: "default"
2022-11-28 09:59:34.949  INFO 22464 --- [main] .s.d.r.c.RepositoryConfigurationDelegate : Bootstrapping Spring Data JPA repositories in DEFAULT mode.
2022-11-28 09:59:34.996  INFO 22464 --- [main] .s.d.r.c.RepositoryConfigurationDelegate : Finished Spring Data repository scanning in 40 ms. Found 4 JPA repository interfaces.
2022-11-28 09:59:35.429  INFO 22464 --- [main] o.s.b.w.embedded.tomcat.TomcatWebServer  : Tomcat initialized with port(s): 8080 (http)
2022-11-28 09:59:35.437  INFO 22464 --- [main] o.apache.catalina.core.StandardService   : Starting service [Tomcat]
2022-11-28 09:59:35.438  INFO 22464 --- [main] org.apache.catalina.core.StandardEngine  : Starting Servlet engine: [Apache Tomcat/9.0.68]
2022-11-28 09:59:35.506  INFO 22464 --- [main] o.a.c.c.C.[Tomcat].[localhost].[/]       : Initializing Spring embedded WebApplicationContext
2022-11-28 09:59:35.506  INFO 22464 --- [main] w.s.c.ServletWebServerApplicationContext : Root WebApplicationContext: initialization completed in 924 ms
2022-11-28 09:59:35.695  INFO 22464 --- [main] com.zaxxer.hikari.HikariDataSource       : HikariPool-1 - Starting...
2022-11-28 09:59:35.854  INFO 22464 --- [main] com.zaxxer.hikari.HikariDataSource       : HikariPool-1 - Start completed.
2022-11-28 09:59:35.894  INFO 22464 --- [main] o.hibernate.jpa.internal.util.LogHelper  : HHH000204: Processing PersistenceUnitInfo [name: default]
2022-11-28 09:59:35.928  INFO 22464 --- [main] org.hibernate.Version                    : HHH000412: Hibernate ORM core version 5.6.12.Final
2022-11-28 09:59:36.047  INFO 22464 --- [main] o.hibernate.annotations.common.Version   : HCANN000001: Hibernate Commons Annotations {5.1.2.Final}
2022-11-28 09:59:36.118  INFO 22464 --- [main] org.hibernate.dialect.Dialect            : HHH000400: Using dialect: org.hibernate.dialect.SQLServer2012Dialect
2022-11-28 09:59:36.467  INFO 22464 --- [main] o.h.e.t.j.p.i.JtaPlatformInitiator       : HHH000490: Using JtaPlatform implementation: [org.hibernate.engine.transaction.jta.platform.internal.NoJtaPlatform]
2022-11-28 09:59:36.472  INFO 22464 --- [main] j.LocalContainerEntityManagerFactoryBean : Initialized JPA EntityManagerFactory for persistence unit 'default'
2022-11-28 09:59:36.794  WARN 22464 --- [main] JpaBaseConfiguration$JpaWebConfiguration : spring.jpa.open-in-view is enabled by default. Therefore, database queries may be performed during view rendering. Explicitly configure spring.jpa.open-in-view to disable this warning
2022-11-28 09:59:37.008  INFO 22464 --- [main] o.s.b.w.embedded.tomcat.TomcatWebServer  : Tomcat started on port(s): 8080 (http) with context path ''
2022-11-28 09:59:37.014  INFO 22464 --- [main] c.m.result.ResultApplication             : Started ResultApplication in 2.812 seconds (JVM running for 3.053)
2022-11-28 09:59:38.499  INFO 22464 --- [http-nio-8080-exec-1] o.a.c.c.C.[Tomcat].[localhost].[/]       : Initializing Spring DispatcherServlet 'dispatcherServlet'
2022-11-28 09:59:38.499  INFO 22464 --- [http-nio-8080-exec-1] o.s.web.servlet.DispatcherServlet        : Initializing Servlet 'dispatcherServlet'
2022-11-28 09:59:38.500  INFO 22464 --- [http-nio-8080-exec-1] o.s.web.servlet.DispatcherServlet        : Completed initialization in 1 ms
2022-11-28 09:59:38.510  INFO 22464 --- [http-nio-8080-exec-1] c.m.result.logging.LoggingServiceImpl    : REQUEST method=[GET] path=[/api/v1/candidate/] headers=[{postman-token=c3edeabb-c379-4319-b923-91a051d3e326, host=localhost:8080, connection=keep-alive, cache-control=no-cache, accept-encoding=gzip, deflate, br, user-agent=PostmanRuntime/7.29.2, accept=*/*}] 
2022-11-28 09:59:38.654  INFO 22464 --- [http-nio-8080-exec-1] c.m.result.logging.LoggingServiceImpl    : RESPONSE method=[GET] path=[/api/v1/candidate/] responseHeaders=[{}] responseBody=[[Candidate{id=5, full_name='AAAAAAA', display_name='AAAAAAA', vote=2222, status='AAAAAAA', party=Party{id=5, name='aaa'}, parliament=Parliament{id=223, name='AAAA', code='P.001', state=State{id=1, name='Perlis'}}}, Candidate{id=6, full_name='Fathul Bari Bin Mat Jahya', display_name='DR FATHUL BARI', vote=15370, status='lose', party=Party{id=5, name='aaa'}, parliament=Parliament{id=223, name='AAAA', code='P.001', state=State{id=1, name='Perlis'}}}]] 
2022-11-28 09:59:39.223  INFO 22464 --- [http-nio-8080-exec-3] c.m.result.logging.LoggingServiceImpl    : REQUEST method=[GET] path=[/api/v1/candidate/] headers=[{postman-token=90f9b5d8-5476-444b-8524-069b66458112, host=localhost:8080, connection=keep-alive, cache-control=no-cache, accept-encoding=gzip, deflate, br, user-agent=PostmanRuntime/7.29.2, accept=*/*}] 
2022-11-28 09:59:39.227  INFO 22464 --- [http-nio-8080-exec-3] c.m.result.logging.LoggingServiceImpl    : RESPONSE method=[GET] path=[/api/v1/candidate/] responseHeaders=[{}] responseBody=[[Candidate{id=5, full_name='AAAAAAA', display_name='AAAAAAA', vote=2222, status='AAAAAAA', party=Party{id=5, name='aaa'}, parliament=Parliament{id=223, name='AAAA', code='P.001', state=State{id=1, name='Perlis'}}}, Candidate{id=6, full_name='Fathul Bari Bin Mat Jahya', display_name='DR FATHUL BARI', vote=15370, status='lose', party=Party{id=5, name='aaa'}, parliament=Parliament{id=223, name='AAAA', code='P.001', state=State{id=1, name='Perlis'}}}]] 
2022-11-28 09:59:39.987  INFO 22464 --- [http-nio-8080-exec-4] c.m.result.logging.LoggingServiceImpl    : REQUEST method=[GET] path=[/api/v1/candidate/] headers=[{postman-token=9199edc6-3b88-4ae6-976c-6a689f8eb0dc, host=localhost:8080, connection=keep-alive, cache-control=no-cache, accept-encoding=gzip, deflate, br, user-agent=PostmanRuntime/7.29.2, accept=*/*}] 
2022-11-28 09:59:39.991  INFO 22464 --- [http-nio-8080-exec-4] c.m.result.logging.LoggingServiceImpl    : RESPONSE method=[GET] path=[/api/v1/candidate/] responseHeaders=[{}] responseBody=[[Candidate{id=5, full_name='AAAAAAA', display_name='AAAAAAA', vote=2222, status='AAAAAAA', party=Party{id=5, name='aaa'}, parliament=Parliament{id=223, name='AAAA', code='P.001', state=State{id=1, name='Perlis'}}}, Candidate{id=6, full_name='Fathul Bari Bin Mat Jahya', display_name='DR FATHUL BARI', vote=15370, status='lose', party=Party{id=5, name='aaa'}, parliament=Parliament{id=223, name='AAAA', code='P.001', state=State{id=1, name='Perlis'}}}]] 
2022-11-28 10:00:36.716  INFO 22464 --- [http-nio-8080-exec-5] c.m.result.logging.LoggingServiceImpl    : REQUEST method=[POST] path=[/api/v1/candidate] headers=[{content-length=132, postman-token=abcff9a3-cbc8-4caa-9385-13d306fe8248, host=localhost:8080, content-type=application/json, connection=keep-alive, cache-control=no-cache, accept-encoding=gzip, deflate, br, user-agent=PostmanRuntime/7.29.2, accept=*/*}] parameters=[{party_id=5, parliament_id=223}] body=[Candidate{id=0, full_name='null', display_name='null', vote=15370, status='lose', party=null, parliament=null}]
2022-11-28 10:00:36.735  INFO 22464 --- [http-nio-8080-exec-5] c.m.result.logging.LoggingServiceImpl    : RESPONSE method=[POST] path=[/api/v1/candidate] responseHeaders=[{}] responseBody=[{data=Candidate{id=0, full_name='null', display_name='null', vote=15370, status='lose', party=Party{id=5, name='aaa'}, parliament=Parliament{id=223, name='AAAA', code='P.001', state=State{id=1, name='Perlis'}}}, message=Invalid request body: Missing keys. }] 
2022-11-28 10:00:42.092  INFO 22464 --- [http-nio-8080-exec-7] c.m.result.logging.LoggingServiceImpl    : REQUEST method=[POST] path=[/api/v1/candidate] headers=[{content-length=132, postman-token=6039608f-7a8d-4a79-b45a-08867095f666, host=localhost:8080, content-type=application/json, connection=keep-alive, cache-control=no-cache, accept-encoding=gzip, deflate, br, user-agent=PostmanRuntime/7.29.2, accept=*/*}] parameters=[{party_id=5, parliament_id=223}] body=[Candidate{id=0, full_name='null', display_name='null', vote=15370, status='lose', party=null, parliament=null}]
2022-11-28 10:00:42.097  INFO 22464 --- [http-nio-8080-exec-7] c.m.result.logging.LoggingServiceImpl    : RESPONSE method=[POST] path=[/api/v1/candidate] responseHeaders=[{}] responseBody=[{data=Candidate{id=0, full_name='null', display_name='null', vote=15370, status='lose', party=Party{id=5, name='aaa'}, parliament=Parliament{id=223, name='AAAA', code='P.001', state=State{id=1, name='Perlis'}}}, message=Invalid request body: Missing keys. }] 
2022-11-28 10:04:36.845  INFO 22464 --- [SpringApplicationShutdownHook] j.LocalContainerEntityManagerFactoryBean : Closing JPA EntityManagerFactory for persistence unit 'default'
2022-11-28 10:04:36.846  INFO 22464 --- [SpringApplicationShutdownHook] com.zaxxer.hikari.HikariDataSource       : HikariPool-1 - Shutdown initiated...
2022-11-28 10:04:36.848  INFO 22464 --- [SpringApplicationShutdownHook] com.zaxxer.hikari.HikariDataSource       : HikariPool-1 - Shutdown completed.
2022-11-28 10:50:16.494  INFO 37548 --- [main] o.h.e.t.j.p.i.JtaPlatformInitiator       : HHH000490: Using JtaPlatform implementation: [org.hibernate.engine.transaction.jta.platform.internal.NoJtaPlatform]
2022-11-28 10:50:16.499  INFO 37548 --- [main] j.LocalContainerEntityManagerFactoryBean : Initialized JPA EntityManagerFactory for persistence unit 'default'
2022-11-28 10:50:16.865  WARN 37548 --- [main] JpaBaseConfiguration$JpaWebConfiguration : spring.jpa.open-in-view is enabled by default. Therefore, database queries may be performed during view rendering. Explicitly configure spring.jpa.open-in-view to disable this warning
2022-11-28 10:50:17.084  INFO 37548 --- [main] o.s.b.w.embedded.tomcat.TomcatWebServer  : Tomcat started on port(s): 8080 (http) with context path ''
2022-11-28 10:50:17.089  INFO 37548 --- [main] c.m.result.ResultApplication             : Started ResultApplication in 2.59 seconds (JVM running for 2.826)
2022-11-28 10:53:08.410  INFO 37548 --- [SpringApplicationShutdownHook] j.LocalContainerEntityManagerFactoryBean : Closing JPA EntityManagerFactory for persistence unit 'default'
2022-11-28 10:53:08.411  INFO 37548 --- [SpringApplicationShutdownHook] com.zaxxer.hikari.HikariDataSource       : HikariPool-1 - Shutdown initiated...
2022-11-28 10:53:08.413  INFO 37548 --- [SpringApplicationShutdownHook] com.zaxxer.hikari.HikariDataSource       : HikariPool-1 - Shutdown completed.
2022-11-28 10:54:38.552  INFO 47652 --- [main] c.m.result.ResultApplication             : Starting ResultApplication using Java 19.0.1 on ShenWei with PID 47652 (C:\Users\shenw\Documents\GitHub\pru15-malaysia-backend\target\classes started by shenw in C:\Users\shenw\Documents\GitHub\pru15-malaysia-backend)
2022-11-28 10:54:38.554  INFO 47652 --- [main] c.m.result.ResultApplication             : No active profile set, falling back to 1 default profile: "default"
2022-11-28 10:54:39.006  INFO 47652 --- [main] .s.d.r.c.RepositoryConfigurationDelegate : Bootstrapping Spring Data JPA repositories in DEFAULT mode.
2022-11-28 10:54:39.046  INFO 47652 --- [main] .s.d.r.c.RepositoryConfigurationDelegate : Finished Spring Data repository scanning in 34 ms. Found 4 JPA repository interfaces.
2022-11-28 10:54:39.404  INFO 47652 --- [main] o.s.b.w.embedded.tomcat.TomcatWebServer  : Tomcat initialized with port(s): 8080 (http)
2022-11-28 10:54:39.411  INFO 47652 --- [main] o.apache.catalina.core.StandardService   : Starting service [Tomcat]
2022-11-28 10:54:39.411  INFO 47652 --- [main] org.apache.catalina.core.StandardEngine  : Starting Servlet engine: [Apache Tomcat/9.0.68]
2022-11-28 10:54:39.474  INFO 47652 --- [main] o.a.c.c.C.[Tomcat].[localhost].[/]       : Initializing Spring embedded WebApplicationContext
2022-11-28 10:54:39.474  INFO 47652 --- [main] w.s.c.ServletWebServerApplicationContext : Root WebApplicationContext: initialization completed in 882 ms
2022-11-28 10:54:39.600  INFO 47652 --- [main] o.hibernate.jpa.internal.util.LogHelper  : HHH000204: Processing PersistenceUnitInfo [name: default]
2022-11-28 10:54:39.629  INFO 47652 --- [main] org.hibernate.Version                    : HHH000412: Hibernate ORM core version 5.6.12.Final
2022-11-28 10:54:39.723  INFO 47652 --- [main] o.hibernate.annotations.common.Version   : HCANN000001: Hibernate Commons Annotations {5.1.2.Final}
2022-11-28 10:54:39.783  INFO 47652 --- [main] com.zaxxer.hikari.HikariDataSource       : HikariPool-1 - Starting...
2022-11-28 10:54:39.928  INFO 47652 --- [main] com.zaxxer.hikari.HikariDataSource       : HikariPool-1 - Start completed.
2022-11-28 10:54:39.940  INFO 47652 --- [main] org.hibernate.dialect.Dialect            : HHH000400: Using dialect: org.hibernate.dialect.SQLServer2012Dialect
2022-11-28 10:54:40.321  INFO 47652 --- [main] o.h.e.t.j.p.i.JtaPlatformInitiator       : HHH000490: Using JtaPlatform implementation: [org.hibernate.engine.transaction.jta.platform.internal.NoJtaPlatform]
2022-11-28 10:54:40.326  INFO 47652 --- [main] j.LocalContainerEntityManagerFactoryBean : Initialized JPA EntityManagerFactory for persistence unit 'default'
2022-11-28 10:54:40.693  WARN 47652 --- [main] JpaBaseConfiguration$JpaWebConfiguration : spring.jpa.open-in-view is enabled by default. Therefore, database queries may be performed during view rendering. Explicitly configure spring.jpa.open-in-view to disable this warning
2022-11-28 10:54:40.930  INFO 47652 --- [main] o.s.b.w.embedded.tomcat.TomcatWebServer  : Tomcat started on port(s): 8080 (http) with context path ''
2022-11-28 10:54:40.938  INFO 47652 --- [main] c.m.result.ResultApplication             : Started ResultApplication in 2.648 seconds (JVM running for 2.881)
2022-11-28 10:55:29.873  INFO 47652 --- [SpringApplicationShutdownHook] j.LocalContainerEntityManagerFactoryBean : Closing JPA EntityManagerFactory for persistence unit 'default'
2022-11-28 10:55:29.874  INFO 47652 --- [SpringApplicationShutdownHook] com.zaxxer.hikari.HikariDataSource       : HikariPool-1 - Shutdown initiated...
2022-11-28 10:55:29.877  INFO 47652 --- [SpringApplicationShutdownHook] com.zaxxer.hikari.HikariDataSource       : HikariPool-1 - Shutdown completed.
2022-11-28 10:55:50.694  INFO 44280 --- [main] c.m.result.ResultApplication             : Starting ResultApplication using Java 19.0.1 on ShenWei with PID 44280 (C:\Users\shenw\Documents\GitHub\pru15-malaysia-backend\target\classes started by shenw in C:\Users\shenw\Documents\GitHub\pru15-malaysia-backend)
2022-11-28 10:55:50.696  INFO 44280 --- [main] c.m.result.ResultApplication             : No active profile set, falling back to 1 default profile: "default"
2022-11-28 10:55:51.123  INFO 44280 --- [main] .s.d.r.c.RepositoryConfigurationDelegate : Bootstrapping Spring Data JPA repositories in DEFAULT mode.
2022-11-28 10:55:51.164  INFO 44280 --- [main] .s.d.r.c.RepositoryConfigurationDelegate : Finished Spring Data repository scanning in 35 ms. Found 4 JPA repository interfaces.
2022-11-28 10:55:51.532  INFO 44280 --- [main] o.s.b.w.embedded.tomcat.TomcatWebServer  : Tomcat initialized with port(s): 8080 (http)
2022-11-28 10:55:51.540  INFO 44280 --- [main] o.apache.catalina.core.StandardService   : Starting service [Tomcat]
2022-11-28 10:55:51.540  INFO 44280 --- [main] org.apache.catalina.core.StandardEngine  : Starting Servlet engine: [Apache Tomcat/9.0.68]
2022-11-28 10:55:51.601  INFO 44280 --- [main] o.a.c.c.C.[Tomcat].[localhost].[/]       : Initializing Spring embedded WebApplicationContext
2022-11-28 10:55:51.602  INFO 44280 --- [main] w.s.c.ServletWebServerApplicationContext : Root WebApplicationContext: initialization completed in 874 ms
2022-11-28 10:55:51.730  INFO 44280 --- [main] o.hibernate.jpa.internal.util.LogHelper  : HHH000204: Processing PersistenceUnitInfo [name: default]
2022-11-28 10:55:51.760  INFO 44280 --- [main] org.hibernate.Version                    : HHH000412: Hibernate ORM core version 5.6.12.Final
2022-11-28 10:55:51.861  INFO 44280 --- [main] o.hibernate.annotations.common.Version   : HCANN000001: Hibernate Commons Annotations {5.1.2.Final}
2022-11-28 10:55:51.928  INFO 44280 --- [main] com.zaxxer.hikari.HikariDataSource       : HikariPool-1 - Starting...
2022-11-28 10:55:52.084  INFO 44280 --- [main] com.zaxxer.hikari.HikariDataSource       : HikariPool-1 - Start completed.
2022-11-28 10:55:52.096  INFO 44280 --- [main] org.hibernate.dialect.Dialect            : HHH000400: Using dialect: org.hibernate.dialect.SQLServer2012Dialect
2022-11-28 10:55:52.502  INFO 44280 --- [main] o.h.e.t.j.p.i.JtaPlatformInitiator       : HHH000490: Using JtaPlatform implementation: [org.hibernate.engine.transaction.jta.platform.internal.NoJtaPlatform]
2022-11-28 10:55:52.507  INFO 44280 --- [main] j.LocalContainerEntityManagerFactoryBean : Initialized JPA EntityManagerFactory for persistence unit 'default'
2022-11-28 10:55:52.875  WARN 44280 --- [main] JpaBaseConfiguration$JpaWebConfiguration : spring.jpa.open-in-view is enabled by default. Therefore, database queries may be performed during view rendering. Explicitly configure spring.jpa.open-in-view to disable this warning
2022-11-28 10:55:53.104  INFO 44280 --- [main] o.s.b.w.embedded.tomcat.TomcatWebServer  : Tomcat started on port(s): 8080 (http) with context path ''
2022-11-28 10:55:53.110  INFO 44280 --- [main] c.m.result.ResultApplication             : Started ResultApplication in 2.684 seconds (JVM running for 2.934)
2022-11-28 11:14:20.526  INFO 44280 --- [http-nio-8080-exec-2] o.a.c.c.C.[Tomcat].[localhost].[/]       : Initializing Spring DispatcherServlet 'dispatcherServlet'
2022-11-28 11:14:20.526  INFO 44280 --- [http-nio-8080-exec-2] o.s.web.servlet.DispatcherServlet        : Initializing Servlet 'dispatcherServlet'
2022-11-28 11:14:20.527  INFO 44280 --- [http-nio-8080-exec-2] o.s.web.servlet.DispatcherServlet        : Completed initialization in 1 ms
2022-11-28 11:14:20.537  INFO 44280 --- [http-nio-8080-exec-2] c.m.result.logging.LoggingServiceImpl    : REQUEST method=[GET] path=[/api/v1/state/] headers=[{postman-token=c68a5c09-af92-4a77-a299-b033aad15b10, host=localhost:8080, connection=keep-alive, cache-control=no-cache, accept-encoding=gzip, deflate, br, user-agent=PostmanRuntime/7.29.2, accept=*/*}] 
2022-11-28 11:14:20.668  INFO 44280 --- [http-nio-8080-exec-2] c.m.result.logging.LoggingServiceImpl    : RESPONSE method=[GET] path=[/api/v1/state/] responseHeaders=[{}] responseBody=[[State{id=1, name='Perlis'}, State{id=2, name='Kedah'}, State{id=3, name='Kelantan'}, State{id=4, name='Terengganu'}, State{id=5, name='Pulau Pinang'}, State{id=6, name='Perak'}, State{id=7, name='Pahang'}, State{id=8, name='Selangor'}, State{id=9, name='W.P Kuala Lumpur'}, State{id=10, name='W.P Putrajaya'}, State{id=11, name='Negeri Sembilan'}, State{id=12, name='Melaka'}, State{id=13, name='Johor'}, State{id=14, name='W.P Labuan'}, State{id=15, name='Sabah'}, State{id=16, name='Sarawak'}]] 
2022-11-28 11:14:43.522  INFO 44280 --- [http-nio-8080-exec-3] c.m.result.logging.LoggingServiceImpl    : REQUEST method=[GET] path=[/api/v1/party/] headers=[{postman-token=c6ac6fb2-8b16-41d6-bc55-21a743abc224, host=localhost:8080, connection=keep-alive, cache-control=no-cache, accept-encoding=gzip, deflate, br, user-agent=PostmanRuntime/7.29.2, accept=*/*}] 
2022-11-28 11:14:43.534  INFO 44280 --- [http-nio-8080-exec-3] c.m.result.logging.LoggingServiceImpl    : RESPONSE method=[GET] path=[/api/v1/party/] responseHeaders=[{}] responseBody=[[Party{id=1, name='BARISAN NASIONAL (BN)'}, Party{id=2, name='PAKATAN HARAPAN (PH)'}, Party{id=3, name='PERIKATAN NASIONAL (PN)'}, Party{id=4, name='GABUNGAN PARTI SARAWAK (GPS)'}, Party{id=5, name='IKATAN DEMOKRATIK MALAYSIA (MUDA)'}, Party{id=6, name='PARTI BANGSA MALAYSIA (PBM)'}, Party{id=7, name='PARTI BANSA DAYAK SARAWAK (PBDS)'}, Party{id=8, name='PARTI BERSATU RAKYAT SABAH (PBRS)'}, Party{id=9, name='PARTI BUMI KENYALANG (PBK)'}, Party{id=10, name='PARTI BUMIPUTERA PERKASA MALAYSIA (PUTRA)'}, Party{id=11, name='PARTI GABUNGAN RAKYAT SABAH (GRS)'}, Party{id=12, name='PARTI ISLAM SE MALAYSIA (PAS)'}, Party{id=13, name='PARTI KESEJAHTERAAN DEMOKRATIK MASYARAKAT (KDM)'}, Party{id=14, name='PARTI PEJUANG TANAHAIR (PEJUANG)'}, Party{id=15, name='PARTI PERPADUAN RAKYAT SABAH (PPRS)'}, Party{id=16, name='PARTI RAKYAT MALAYSIA (PRM)'}, Party{id=17, name='PARTI SARAWAK BERSATU (PSB)'}, Party{id=18, name='PARTI SEDAR RAKYAT SARAWAK (SEDAR)'}, Party{id=19, name='PARTI SOSIALIS MALAYSIA (PSM)'}, Party{id=20, name='PARTI TINDAKAN DEMOKRATIK (DAP)'}, Party{id=21, name='PARTI UTAMA RAKYAT (PUR)'}, Party{id=22, name='PARTI WARISAN SABAH (WARISAN)'}, Party{id=23, name='BEBAS (BEBAS)'}]] 
2022-11-28 11:14:51.761  INFO 44280 --- [http-nio-8080-exec-4] c.m.result.logging.LoggingServiceImpl    : REQUEST method=[GET] path=[/api/v1/state/10] headers=[{postman-token=53c7a79e-7a75-4fdd-96fa-5b40b61381b8, host=localhost:8080, connection=keep-alive, cache-control=no-cache, accept-encoding=gzip, deflate, br, user-agent=PostmanRuntime/7.29.2, accept=*/*}] 
2022-11-28 11:14:51.776  INFO 44280 --- [http-nio-8080-exec-4] c.m.result.logging.LoggingServiceImpl    : RESPONSE method=[GET] path=[/api/v1/state/10] responseHeaders=[{}] responseBody=[State{id=10, name='W.P Putrajaya'}] 
2022-11-28 11:14:55.482  INFO 44280 --- [http-nio-8080-exec-5] c.m.result.logging.LoggingServiceImpl    : REQUEST method=[GET] path=[/api/v1/state/5] headers=[{postman-token=6203e72e-83e4-4431-83af-4c8bc0cd989d, host=localhost:8080, connection=keep-alive, cache-control=no-cache, accept-encoding=gzip, deflate, br, user-agent=PostmanRuntime/7.29.2, accept=*/*}] 
2022-11-28 11:14:55.486  INFO 44280 --- [http-nio-8080-exec-5] c.m.result.logging.LoggingServiceImpl    : RESPONSE method=[GET] path=[/api/v1/state/5] responseHeaders=[{}] responseBody=[State{id=5, name='Pulau Pinang'}] 
2022-11-28 11:15:00.810  INFO 44280 --- [http-nio-8080-exec-6] c.m.result.logging.LoggingServiceImpl    : REQUEST method=[GET] path=[/api/v1/party/3] headers=[{postman-token=4b1d3db7-cbef-4ea4-bc6e-c04be10d0c61, host=localhost:8080, connection=keep-alive, cache-control=no-cache, accept-encoding=gzip, deflate, br, user-agent=PostmanRuntime/7.29.2, accept=*/*}] 
2022-11-28 11:15:00.815  INFO 44280 --- [http-nio-8080-exec-6] c.m.result.logging.LoggingServiceImpl    : RESPONSE method=[GET] path=[/api/v1/party/3] responseHeaders=[{}] responseBody=[Party{id=3, name='PERIKATAN NASIONAL (PN)'}] 
2022-11-28 11:15:03.318  INFO 44280 --- [http-nio-8080-exec-7] c.m.result.logging.LoggingServiceImpl    : REQUEST method=[GET] path=[/api/v1/party/3a] headers=[{postman-token=bc590a2f-6bcb-438c-8136-80703395f790, host=localhost:8080, connection=keep-alive, cache-control=no-cache, accept-encoding=gzip, deflate, br, user-agent=PostmanRuntime/7.29.2, accept=*/*}] 
2022-11-28 11:15:03.320  WARN 44280 --- [http-nio-8080-exec-7] .w.s.m.s.DefaultHandlerExceptionResolver : Resolved [org.springframework.web.method.annotation.MethodArgumentTypeMismatchException: Failed to convert value of type 'java.lang.String' to required type 'long'; nested exception is java.lang.NumberFormatException: For input string: "3a"]
2022-11-28 11:15:03.325  INFO 44280 --- [http-nio-8080-exec-7] c.m.result.logging.LoggingServiceImpl    : RESPONSE method=[GET] path=[/error] responseHeaders=[{}] responseBody=[{timestamp=Mon Nov 28 11:15:03 MYT 2022, status=400, error=Bad Request, path=/api/v1/party/3a}] 
2022-11-28 11:15:07.625  INFO 44280 --- [http-nio-8080-exec-9] c.m.result.logging.LoggingServiceImpl    : REQUEST method=[GET] path=[/api/v1/party/777] headers=[{postman-token=49df7981-0db2-4864-8257-0195f8b78b28, host=localhost:8080, connection=keep-alive, cache-control=no-cache, accept-encoding=gzip, deflate, br, user-agent=PostmanRuntime/7.29.2, accept=*/*}] 
2022-11-28 11:15:07.629  INFO 44280 --- [http-nio-8080-exec-9] c.m.result.logging.LoggingServiceImpl    : RESPONSE method=[GET] path=[/api/v1/party/777] responseHeaders=[{}] responseBody=[null] 
2022-11-28 11:15:16.951  INFO 44280 --- [http-nio-8080-exec-10] c.m.result.logging.LoggingServiceImpl    : REQUEST method=[GET] path=[/api/v1/state] headers=[{postman-token=8a91c58a-1c7d-499b-a428-3a6836d1196d, host=localhost:8080, connection=keep-alive, cache-control=no-cache, accept-encoding=gzip, deflate, br, user-agent=PostmanRuntime/7.29.2, accept=*/*}] parameters=[{name=selangor}] 
2022-11-28 11:15:16.975  INFO 44280 --- [http-nio-8080-exec-10] c.m.result.logging.LoggingServiceImpl    : RESPONSE method=[GET] path=[/api/v1/state] responseHeaders=[{}] responseBody=[[State{id=8, name='Selangor'}]] 
2022-11-28 11:15:18.918  INFO 44280 --- [http-nio-8080-exec-1] c.m.result.logging.LoggingServiceImpl    : REQUEST method=[GET] path=[/api/v1/state] headers=[{postman-token=0d9ce543-2f71-4760-8ccc-0096cc90718f, host=localhost:8080, connection=keep-alive, cache-control=no-cache, accept-encoding=gzip, deflate, br, user-agent=PostmanRuntime/7.29.2, accept=*/*}] parameters=[{name=a}] 
2022-11-28 11:15:18.922  INFO 44280 --- [http-nio-8080-exec-1] c.m.result.logging.LoggingServiceImpl    : RESPONSE method=[GET] path=[/api/v1/state] responseHeaders=[{}] responseBody=[[State{id=2, name='Kedah'}, State{id=3, name='Kelantan'}, State{id=4, name='Terengganu'}, State{id=5, name='Pulau Pinang'}, State{id=6, name='Perak'}, State{id=7, name='Pahang'}, State{id=8, name='Selangor'}, State{id=9, name='W.P Kuala Lumpur'}, State{id=10, name='W.P Putrajaya'}, State{id=11, name='Negeri Sembilan'}, State{id=12, name='Melaka'}, State{id=14, name='W.P Labuan'}, State{id=15, name='Sabah'}, State{id=16, name='Sarawak'}]] 
2022-11-28 11:15:23.240  INFO 44280 --- [http-nio-8080-exec-2] c.m.result.logging.LoggingServiceImpl    : REQUEST method=[GET] path=[/api/v1/party] headers=[{postman-token=7e22123c-47a0-4b37-80d0-552bea0dd026, host=localhost:8080, connection=keep-alive, cache-control=no-cache, accept-encoding=gzip, deflate, br, user-agent=PostmanRuntime/7.29.2, accept=*/*}] parameters=[{name=Parti}] 
2022-11-28 11:15:23.245  INFO 44280 --- [http-nio-8080-exec-2] c.m.result.logging.LoggingServiceImpl    : RESPONSE method=[GET] path=[/api/v1/party] responseHeaders=[{}] responseBody=[[Party{id=4, name='GABUNGAN PARTI SARAWAK (GPS)'}, Party{id=6, name='PARTI BANGSA MALAYSIA (PBM)'}, Party{id=7, name='PARTI BANSA DAYAK SARAWAK (PBDS)'}, Party{id=8, name='PARTI BERSATU RAKYAT SABAH (PBRS)'}, Party{id=9, name='PARTI BUMI KENYALANG (PBK)'}, Party{id=10, name='PARTI BUMIPUTERA PERKASA MALAYSIA (PUTRA)'}, Party{id=11, name='PARTI GABUNGAN RAKYAT SABAH (GRS)'}, Party{id=12, name='PARTI ISLAM SE MALAYSIA (PAS)'}, Party{id=13, name='PARTI KESEJAHTERAAN DEMOKRATIK MASYARAKAT (KDM)'}, Party{id=14, name='PARTI PEJUANG TANAHAIR (PEJUANG)'}, Party{id=15, name='PARTI PERPADUAN RAKYAT SABAH (PPRS)'}, Party{id=16, name='PARTI RAKYAT MALAYSIA (PRM)'}, Party{id=17, name='PARTI SARAWAK BERSATU (PSB)'}, Party{id=18, name='PARTI SEDAR RAKYAT SARAWAK (SEDAR)'}, Party{id=19, name='PARTI SOSIALIS MALAYSIA (PSM)'}, Party{id=20, name='PARTI TINDAKAN DEMOKRATIK (DAP)'}, Party{id=21, name='PARTI UTAMA RAKYAT (PUR)'}, Party{id=22, name='PARTI WARISAN SABAH (WARISAN)'}]] 
2022-11-28 11:15:29.132  INFO 44280 --- [http-nio-8080-exec-3] c.m.result.logging.LoggingServiceImpl    : REQUEST method=[GET] path=[/api/v1/party] headers=[{postman-token=980a6537-af48-4892-bf4e-fc1a0af897d5, host=localhost:8080, connection=keep-alive, cache-control=no-cache, accept-encoding=gzip, deflate, br, user-agent=PostmanRuntime/7.29.2, accept=*/*}] parameters=[{name=PH}] 
2022-11-28 11:15:29.135  INFO 44280 --- [http-nio-8080-exec-3] c.m.result.logging.LoggingServiceImpl    : RESPONSE method=[GET] path=[/api/v1/party] responseHeaders=[{}] responseBody=[[Party{id=2, name='PAKATAN HARAPAN (PH)'}]] 
2022-11-28 11:15:46.055  WARN 44280 --- [http-nio-8080-exec-4] .w.s.m.s.DefaultHandlerExceptionResolver : Resolved [org.springframework.http.converter.HttpMessageNotReadableException: Required request body is missing: public org.springframework.http.ResponseEntity<java.util.Map<java.lang.String, java.lang.Object>> com.malaysiapru15.result.party.PartyController.addParty(com.malaysiapru15.result.party.Party)]
2022-11-28 11:15:46.056  INFO 44280 --- [http-nio-8080-exec-4] c.m.result.logging.LoggingServiceImpl    : RESPONSE method=[POST] path=[/error] responseHeaders=[{}] responseBody=[{timestamp=Mon Nov 28 11:15:46 MYT 2022, status=400, error=Bad Request, path=/api/v1/party/}] 
2022-11-28 11:15:54.172  INFO 44280 --- [http-nio-8080-exec-6] c.m.result.logging.LoggingServiceImpl    : REQUEST method=[POST] path=[/api/v1/party/] headers=[{content-length=45, postman-token=6ba0f617-c28e-4291-a796-9e9b420605a0, host=localhost:8080, content-type=application/json, connection=keep-alive, cache-control=no-cache, accept-encoding=gzip, deflate, br, user-agent=PostmanRuntime/7.29.2, accept=*/*}] body=[Party{id=0, name='Pakatan Harapan v2 (PH)'}]
2022-11-28 11:15:54.201  INFO 44280 --- [http-nio-8080-exec-6] c.m.result.logging.LoggingServiceImpl    : RESPONSE method=[POST] path=[/api/v1/party/] responseHeaders=[{}] responseBody=[{data=Party{id=24, name='Pakatan Harapan v2 (PH)'}, message=Data has been inserted.}] 
2022-11-28 11:16:01.969  WARN 44280 --- [http-nio-8080-exec-7] .w.s.m.s.DefaultHandlerExceptionResolver : Resolved [org.springframework.http.converter.HttpMessageNotReadableException: Required request body is missing: public org.springframework.http.ResponseEntity<java.util.Map<java.lang.String, java.lang.Object>> com.malaysiapru15.result.state.StateController.addState(com.malaysiapru15.result.state.State)]
2022-11-28 11:16:01.971  INFO 44280 --- [http-nio-8080-exec-7] c.m.result.logging.LoggingServiceImpl    : RESPONSE method=[POST] path=[/error] responseHeaders=[{}] responseBody=[{timestamp=Mon Nov 28 11:16:01 MYT 2022, status=400, error=Bad Request, path=/api/v1/state/}] 
2022-11-28 11:16:04.681  INFO 44280 --- [http-nio-8080-exec-9] c.m.result.logging.LoggingServiceImpl    : REQUEST method=[POST] path=[/api/v1/state/] headers=[{content-length=30, postman-token=51a697a0-bbc9-485a-b7f9-ffceb068464d, host=localhost:8080, content-type=application/json, connection=keep-alive, cache-control=no-cache, accept-encoding=gzip, deflate, br, user-agent=PostmanRuntime/7.29.2, accept=*/*}] body=[State{id=0, name='Sarawak v2'}]
2022-11-28 11:16:04.686  INFO 44280 --- [http-nio-8080-exec-9] c.m.result.logging.LoggingServiceImpl    : RESPONSE method=[POST] path=[/api/v1/state/] responseHeaders=[{}] responseBody=[{data=State{id=17, name='Sarawak v2'}, message=Data has been inserted.}] 
2022-11-28 11:16:31.949  INFO 44280 --- [http-nio-8080-exec-10] c.m.result.logging.LoggingServiceImpl    : REQUEST method=[PUT] path=[/api/v1/state/17] headers=[{content-length=43, postman-token=4c125144-7702-429e-821b-eef9c661992d, host=localhost:8080, content-type=application/json, connection=keep-alive, cache-control=no-cache, accept-encoding=gzip, deflate, br, user-agent=PostmanRuntime/7.29.2, accept=*/*}] body=[State{id=0, name='W.P Kuala Lumpur vvvvvv'}]
2022-11-28 11:16:31.960  INFO 44280 --- [http-nio-8080-exec-10] c.m.result.logging.LoggingServiceImpl    : RESPONSE method=[PUT] path=[/api/v1/state/17] responseHeaders=[{}] responseBody=[{data=State{id=17, name='W.P Kuala Lumpur vvvvvv'}, message=Data has been updated.}] 
2022-11-28 11:16:41.869  INFO 44280 --- [http-nio-8080-exec-1] c.m.result.logging.LoggingServiceImpl    : REQUEST method=[PUT] path=[/api/v1/party/24] headers=[{content-length=53, postman-token=bfc9e633-b630-4d86-bf6a-89e1cd38fb86, host=localhost:8080, content-type=application/json, connection=keep-alive, cache-control=no-cache, accept-encoding=gzip, deflate, br, user-agent=PostmanRuntime/7.29.2, accept=*/*}] body=[Party{id=0, name='PAKATAN HARAPAN (PH) eeeeeeeeeeee'}]
2022-11-28 11:16:41.875  INFO 44280 --- [http-nio-8080-exec-1] c.m.result.logging.LoggingServiceImpl    : RESPONSE method=[PUT] path=[/api/v1/party/24] responseHeaders=[{}] responseBody=[{data=Party{id=24, name='PAKATAN HARAPAN (PH) eeeeeeeeeeee'}, message=Data has been updated.}] 
2022-11-28 11:17:00.158  INFO 44280 --- [http-nio-8080-exec-2] c.m.result.logging.LoggingServiceImpl    : RESPONSE method=[DELETE] path=[/api/v1/party/24] responseHeaders=[{}] responseBody=[null] 
2022-11-28 11:17:02.933  INFO 44280 --- [http-nio-8080-exec-3] c.m.result.logging.LoggingServiceImpl    : RESPONSE method=[DELETE] path=[/api/v1/party/25] responseHeaders=[{}] responseBody=[null] 
2022-11-28 11:17:08.078  INFO 44280 --- [http-nio-8080-exec-5] c.m.result.logging.LoggingServiceImpl    : RESPONSE method=[DELETE] path=[/api/v1/state/177] responseHeaders=[{}] responseBody=[null] 
2022-11-28 11:17:09.722  INFO 44280 --- [http-nio-8080-exec-7] c.m.result.logging.LoggingServiceImpl    : RESPONSE method=[DELETE] path=[/api/v1/state/17] responseHeaders=[{}] responseBody=[null] 
2022-11-28 11:19:32.529  INFO 44280 --- [http-nio-8080-exec-10] c.m.result.logging.LoggingServiceImpl    : REQUEST method=[GET] path=[/api/v1/parliament/] headers=[{postman-token=247107cd-13f6-4e27-a30b-650169103488, host=localhost:8080, connection=keep-alive, cache-control=no-cache, accept-encoding=gzip, deflate, br, user-agent=PostmanRuntime/7.29.2, accept=*/*}] 
2022-11-28 11:19:32.543  INFO 44280 --- [http-nio-8080-exec-10] c.m.result.logging.LoggingServiceImpl    : RESPONSE method=[GET] path=[/api/v1/parliament/] responseHeaders=[{}] responseBody=[[Parliament{id=1, name='Padang Besar', code='P.001', state=State{id=1, name='Perlis'}}, Parliament{id=2, name='Kangar', code='P.002', state=State{id=1, name='Perlis'}}, Parliament{id=3, name='Arau', code='P.003', state=State{id=1, name='Perlis'}}, Parliament{id=4, name='Langkawi', code='P.004', state=State{id=2, name='Kedah'}}, Parliament{id=5, name='Jerlun', code='P.005', state=State{id=2, name='Kedah'}}, Parliament{id=6, name='Kubang Pasu', code='P.006', state=State{id=2, name='Kedah'}}, Parliament{id=7, name='Padang Terap', code='P.007', state=State{id=2, name='Kedah'}}, Parliament{id=8, name='Pokok Sena', code='P.008', state=State{id=2, name='Kedah'}}, Parliament{id=9, name='Alor Setar', code='P.009', state=State{id=2, name='Kedah'}}, Parliament{id=10, name='Kuala Kedah', code='P.010', state=State{id=2, name='Kedah'}}, Parliament{id=11, name='Pendang', code='P.011', state=State{id=2, name='Kedah'}}]] 
2022-11-28 11:19:40.020  INFO 44280 --- [http-nio-8080-exec-1] c.m.result.logging.LoggingServiceImpl    : REQUEST method=[GET] path=[/api/v1/parliament/2] headers=[{postman-token=2fb444a4-39da-4686-9345-5ad288530c8f, host=localhost:8080, connection=keep-alive, cache-control=no-cache, accept-encoding=gzip, deflate, br, user-agent=PostmanRuntime/7.29.2, accept=*/*}] 
2022-11-28 11:19:40.026  INFO 44280 --- [http-nio-8080-exec-1] c.m.result.logging.LoggingServiceImpl    : RESPONSE method=[GET] path=[/api/v1/parliament/2] responseHeaders=[{}] responseBody=[Parliament{id=2, name='Kangar', code='P.002', state=State{id=1, name='Perlis'}}] 
2022-11-28 11:19:42.822  INFO 44280 --- [http-nio-8080-exec-2] c.m.result.logging.LoggingServiceImpl    : REQUEST method=[GET] path=[/api/v1/parliament] headers=[{postman-token=b6ec14f2-4cf0-4cb6-844a-6be7619d49ba, host=localhost:8080, connection=keep-alive, cache-control=no-cache, accept-encoding=gzip, deflate, br, user-agent=PostmanRuntime/7.29.2, accept=*/*}] parameters=[{name=pad}] 
2022-11-28 11:19:42.829  INFO 44280 --- [http-nio-8080-exec-2] c.m.result.logging.LoggingServiceImpl    : RESPONSE method=[GET] path=[/api/v1/parliament] responseHeaders=[{}] responseBody=[[Parliament{id=1, name='Padang Besar', code='P.001', state=State{id=1, name='Perlis'}}, Parliament{id=7, name='Padang Terap', code='P.007', state=State{id=2, name='Kedah'}}]] 
2022-11-28 11:19:45.548  INFO 44280 --- [http-nio-8080-exec-3] c.m.result.logging.LoggingServiceImpl    : REQUEST method=[GET] path=[/api/v1/parliament] headers=[{postman-token=12c07d78-31e7-40af-92ed-e450dc9bbf17, host=localhost:8080, connection=keep-alive, cache-control=no-cache, accept-encoding=gzip, deflate, br, user-agent=PostmanRuntime/7.29.2, accept=*/*}] parameters=[{code=P.004}] 
2022-11-28 11:19:45.554  INFO 44280 --- [http-nio-8080-exec-3] c.m.result.logging.LoggingServiceImpl    : RESPONSE method=[GET] path=[/api/v1/parliament] responseHeaders=[{}] responseBody=[[Parliament{id=4, name='Langkawi', code='P.004', state=State{id=2, name='Kedah'}}]] 
2022-11-28 11:19:48.161  INFO 44280 --- [http-nio-8080-exec-4] c.m.result.logging.LoggingServiceImpl    : REQUEST method=[GET] path=[/api/v1/parliament] headers=[{postman-token=e68d68a3-e5f4-4b10-96c4-d24f190ea583, host=localhost:8080, connection=keep-alive, cache-control=no-cache, accept-encoding=gzip, deflate, br, user-agent=PostmanRuntime/7.29.2, accept=*/*}] parameters=[{code=1}] 
2022-11-28 11:19:48.165  INFO 44280 --- [http-nio-8080-exec-4] c.m.result.logging.LoggingServiceImpl    : RESPONSE method=[GET] path=[/api/v1/parliament] responseHeaders=[{}] responseBody=[[Parliament{id=1, name='Padang Besar', code='P.001', state=State{id=1, name='Perlis'}}, Parliament{id=10, name='Kuala Kedah', code='P.010', state=State{id=2, name='Kedah'}}, Parliament{id=11, name='Pendang', code='P.011', state=State{id=2, name='Kedah'}}]] 
2022-11-28 11:20:01.097  INFO 44280 --- [http-nio-8080-exec-5] c.m.result.logging.LoggingServiceImpl    : REQUEST method=[GET] path=[/api/v1/state/2/parliament/] headers=[{postman-token=e04fba76-983e-4d33-bb80-5df367ee833c, host=localhost:8080, connection=keep-alive, cache-control=no-cache, accept-encoding=gzip, deflate, br, user-agent=PostmanRuntime/7.29.2, accept=*/*}] 
2022-11-28 11:20:01.104  INFO 44280 --- [http-nio-8080-exec-5] c.m.result.logging.LoggingServiceImpl    : RESPONSE method=[GET] path=[/api/v1/state/2/parliament/] responseHeaders=[{}] responseBody=[[Parliament{id=4, name='Langkawi', code='P.004', state=State{id=2, name='Kedah'}}, Parliament{id=5, name='Jerlun', code='P.005', state=State{id=2, name='Kedah'}}, Parliament{id=6, name='Kubang Pasu', code='P.006', state=State{id=2, name='Kedah'}}, Parliament{id=7, name='Padang Terap', code='P.007', state=State{id=2, name='Kedah'}}, Parliament{id=8, name='Pokok Sena', code='P.008', state=State{id=2, name='Kedah'}}, Parliament{id=9, name='Alor Setar', code='P.009', state=State{id=2, name='Kedah'}}, Parliament{id=10, name='Kuala Kedah', code='P.010', state=State{id=2, name='Kedah'}}, Parliament{id=11, name='Pendang', code='P.011', state=State{id=2, name='Kedah'}}]] 
2022-11-28 11:20:05.993  INFO 44280 --- [http-nio-8080-exec-6] c.m.result.logging.LoggingServiceImpl    : REQUEST method=[GET] path=[/api/v1/state/1/parliament/] headers=[{postman-token=92992629-737b-4826-9e59-5ee9ebb3a1eb, host=localhost:8080, connection=keep-alive, cache-control=no-cache, accept-encoding=gzip, deflate, br, user-agent=PostmanRuntime/7.29.2, accept=*/*}] 
2022-11-28 11:20:06.000  INFO 44280 --- [http-nio-8080-exec-6] c.m.result.logging.LoggingServiceImpl    : RESPONSE method=[GET] path=[/api/v1/state/1/parliament/] responseHeaders=[{}] responseBody=[[Parliament{id=1, name='Padang Besar', code='P.001', state=State{id=1, name='Perlis'}}, Parliament{id=2, name='Kangar', code='P.002', state=State{id=1, name='Perlis'}}, Parliament{id=3, name='Arau', code='P.003', state=State{id=1, name='Perlis'}}]] 
2022-11-28 11:20:18.946  INFO 44280 --- [http-nio-8080-exec-7] c.m.result.logging.LoggingServiceImpl    : REQUEST method=[POST] path=[/api/v1/state/2/parliament/] headers=[{content-length=51, postman-token=f477f786-7d5a-4394-a49e-47810e82a828, host=localhost:8080, content-type=application/json, connection=keep-alive, cache-control=no-cache, accept-encoding=gzip, deflate, br, user-agent=PostmanRuntime/7.29.2, accept=*/*}] body=[Parliament{id=0, name='Pokok 999', code='P.999', state=null}]
2022-11-28 11:20:18.955  INFO 44280 --- [http-nio-8080-exec-7] c.m.result.logging.LoggingServiceImpl    : RESPONSE method=[POST] path=[/api/v1/state/2/parliament/] responseHeaders=[{}] responseBody=[{data=Parliament{id=12, name='Pokok 999', code='P.999', state=State{id=2, name='Kedah'}}, message=Data has been inserted.}] 
2022-11-28 11:20:21.621  INFO 44280 --- [http-nio-8080-exec-8] c.m.result.logging.LoggingServiceImpl    : REQUEST method=[GET] path=[/api/v1/parliament/] headers=[{postman-token=58c2e05c-c4df-4de7-abc0-3f2db7d62504, host=localhost:8080, connection=keep-alive, cache-control=no-cache, accept-encoding=gzip, deflate, br, user-agent=PostmanRuntime/7.29.2, accept=*/*}] 
2022-11-28 11:20:21.627  INFO 44280 --- [http-nio-8080-exec-8] c.m.result.logging.LoggingServiceImpl    : RESPONSE method=[GET] path=[/api/v1/parliament/] responseHeaders=[{}] responseBody=[[Parliament{id=1, name='Padang Besar', code='P.001', state=State{id=1, name='Perlis'}}, Parliament{id=2, name='Kangar', code='P.002', state=State{id=1, name='Perlis'}}, Parliament{id=3, name='Arau', code='P.003', state=State{id=1, name='Perlis'}}, Parliament{id=4, name='Langkawi', code='P.004', state=State{id=2, name='Kedah'}}, Parliament{id=5, name='Jerlun', code='P.005', state=State{id=2, name='Kedah'}}, Parliament{id=6, name='Kubang Pasu', code='P.006', state=State{id=2, name='Kedah'}}, Parliament{id=7, name='Padang Terap', code='P.007', state=State{id=2, name='Kedah'}}, Parliament{id=8, name='Pokok Sena', code='P.008', state=State{id=2, name='Kedah'}}, Parliament{id=9, name='Alor Setar', code='P.009', state=State{id=2, name='Kedah'}}, Parliament{id=10, name='Kuala Kedah', code='P.010', state=State{id=2, name='Kedah'}}, Parliament{id=11, name='Pendang', code='P.011', state=State{id=2, name='Kedah'}}, Parliament{id=12, name='Pokok 999', code='P.999', state=State{id=2, name='Kedah'}}]] 
2022-11-28 11:20:28.405  INFO 44280 --- [http-nio-8080-exec-9] c.m.result.logging.LoggingServiceImpl    : REQUEST method=[GET] path=[/api/v1/state/13/parliament/] headers=[{postman-token=d2c8a607-b33e-496f-b19b-5adbce469a15, host=localhost:8080, connection=keep-alive, cache-control=no-cache, accept-encoding=gzip, deflate, br, user-agent=PostmanRuntime/7.29.2, accept=*/*}] 
2022-11-28 11:20:28.409  INFO 44280 --- [http-nio-8080-exec-9] c.m.result.logging.LoggingServiceImpl    : RESPONSE method=[GET] path=[/api/v1/state/13/parliament/] responseHeaders=[{}] responseBody=[[]] 
2022-11-28 11:20:36.334  INFO 44280 --- [http-nio-8080-exec-10] c.m.result.logging.LoggingServiceImpl    : REQUEST method=[POST] path=[/api/v1/state/23/parliament/] headers=[{content-length=51, postman-token=9f3ddd47-01bc-4b2f-9a11-8b6c730a6c82, host=localhost:8080, content-type=application/json, connection=keep-alive, cache-control=no-cache, accept-encoding=gzip, deflate, br, user-agent=PostmanRuntime/7.29.2, accept=*/*}] body=[Parliament{id=0, name='Pokok 999', code='P.999', state=null}]
2022-11-28 11:20:36.341  WARN 44280 --- [http-nio-8080-exec-10] o.h.engine.jdbc.spi.SqlExceptionHelper   : SQL Error: 515, SQLState: 23000
2022-11-28 11:20:36.342 ERROR 44280 --- [http-nio-8080-exec-10] o.h.engine.jdbc.spi.SqlExceptionHelper   : Cannot insert the value NULL into column 'state_id', table 'TESTDB.dbo.parliament'; column does not allow nulls. INSERT fails.
2022-11-28 11:20:36.345  INFO 44280 --- [http-nio-8080-exec-10] c.m.result.logging.LoggingServiceImpl    : RESPONSE method=[POST] path=[/api/v1/state/23/parliament/] responseHeaders=[{}] responseBody=[null] 
2022-11-28 11:21:20.111  INFO 44280 --- [http-nio-8080-exec-2] c.m.result.logging.LoggingServiceImpl    : REQUEST method=[PUT] path=[/api/v1/parliament/143] headers=[{content-length=49, postman-token=9e9de568-1422-43ed-8a52-84a1d1d541b7, host=localhost:8080, content-type=application/json, connection=keep-alive, cache-control=no-cache, accept-encoding=gzip, deflate, br, user-agent=PostmanRuntime/7.29.2, accept=*/*}] body=[Parliament{id=0, name='Pendang', code='P.011', state=null}]
2022-11-28 11:21:20.115  INFO 44280 --- [http-nio-8080-exec-2] c.m.result.logging.LoggingServiceImpl    : RESPONSE method=[PUT] path=[/api/v1/parliament/143] responseHeaders=[{}] responseBody=[{message=Parliament with ID: 143 cannot be found.}] 
2022-11-28 11:21:30.494  INFO 44280 --- [http-nio-8080-exec-3] c.m.result.logging.LoggingServiceImpl    : REQUEST method=[PUT] path=[/api/v1/parliament/12] headers=[{content-length=50, postman-token=9c16993e-76d6-4b22-af36-9993f98916cb, host=localhost:8080, content-type=application/json, connection=keep-alive, cache-control=no-cache, accept-encoding=gzip, deflate, br, user-agent=PostmanRuntime/7.29.2, accept=*/*}] body=[Parliament{id=0, name='Pendang', code='P.1111', state=null}]
2022-11-28 11:21:30.499  INFO 44280 --- [http-nio-8080-exec-3] c.m.result.logging.LoggingServiceImpl    : RESPONSE method=[PUT] path=[/api/v1/parliament/12] responseHeaders=[{}] responseBody=[{data=Parliament{id=12, name='Pendang', code='P.1111', state=State{id=2, name='Kedah'}}, message=Data has been updated.}] 
2022-11-28 11:21:41.436  INFO 44280 --- [http-nio-8080-exec-4] c.m.result.logging.LoggingServiceImpl    : RESPONSE method=[DELETE] path=[/api/v1/parliament/12] responseHeaders=[{}] responseBody=[null] 
2022-11-28 11:22:26.454  INFO 44280 --- [http-nio-8080-exec-5] c.m.result.logging.LoggingServiceImpl    : REQUEST method=[GET] path=[/api/v1/candidate/] headers=[{postman-token=185e4f11-c1f0-4d85-8ca6-af60d8c609c0, host=localhost:8080, connection=keep-alive, cache-control=no-cache, accept-encoding=gzip, deflate, br, user-agent=PostmanRuntime/7.29.2, accept=*/*}] 
2022-11-28 11:22:26.481  INFO 44280 --- [http-nio-8080-exec-5] c.m.result.logging.LoggingServiceImpl    : RESPONSE method=[GET] path=[/api/v1/candidate/] responseHeaders=[{}] responseBody=[[Candidate{id=1, full_name='Rushdan Bin Rusmi', display_name='RUSHDAN BIN RUSMI', vote=24267, status='win', party=Party{id=3, name='PERIKATAN NASIONAL (PN)'}, parliament=Parliament{id=1, name='Padang Besar', code='P.001', state=State{id=1, name='Perlis'}}}, Candidate{id=2, full_name='Zahida Binti Zarik Khan', display_name='ZAHIDA BINTI ZARIK KHAN', vote=11753, status='lose', party=Party{id=1, name='BARISAN NASIONAL (BN)'}, parliament=Parliament{id=1, name='Padang Besar', code='P.001', state=State{id=1, name='Perlis'}}}, Candidate{id=3, full_name='Mohamad Bin Saad @ Yahaya', display_name='KAPT (B) HJ MOHAMAD YAHAYA', vote=7085, status='lose', party=Party{id=2, name='PAKATAN HARAPAN (PH)'}, parliament=Parliament{id=1, name='Padang Besar', code='P.001', state=State{id=1, name='Perlis'}}}, Candidate{id=4, full_name='Zahidi Bin Zainul Abidin', display_name='ZAHIDI BIN ZAINUL ABIDIN', vote=1939, status='lose', party=Party{id=23, name='BEBAS (BEBAS)'}, parliament=Parliament{id=1, name='Padang Besar', code='P.001', state=State{id=1, name='Perlis'}}}, Candidate{id=5, full_name='Ko Chu Liang', display_name='KO CHU LIANG', vote=244, status='lose', party=Party{id=22, name='PARTI WARISAN SABAH (WARISAN)'}, parliament=Parliament{id=1, name='Padang Besar', code='P.001', state=State{id=1, name='Perlis'}}}, Candidate{id=6, full_name='Noor Amin Bin Ahmad', display_name='AMIN AHMAD', vote=15143, status='lose', party=Party{id=2, name='PAKATAN HARAPAN (PH)'}, parliament=Parliament{id=2, name='Kangar', code='P.002', state=State{id=1, name='Perlis'}}}, Candidate{id=7, full_name='Fathin Amelina Binti Fazlie', display_name='FATHIN AMELINA', vote=7089, status='lose', party=Party{id=2, name='PAKATAN HARAPAN (PH)'}, parliament=Parliament{id=3, name='Arau', code='P.003', state=State{id=1, name='Perlis'}}}, Candidate{id=8, full_name='Zabidi Bin Yahya', display_name='ZABIDI YAHYA', vote=5417, status='lose', party=Party{id=2, name='PAKATAN HARAPAN (PH)'}, parliament=Parliament{id=4, name='Langkawi', code='P.004', state=State{id=2, name='Kedah'}}}, Candidate{id=9, full_name='Mohamed Fadzil Bin Mohd Ali', display_name='DR. MOHAMED FADZIL MOHD ALI', vote=6419, status='lose', party=Party{id=2, name='PAKATAN HARAPAN (PH)'}, parliament=Parliament{id=5, name='Jerlun', code='P.005', state=State{id=2, name='Kedah'}}}, Candidate{id=10, full_name='Mohd Aizuddin Bin Ariffin', display_name='AIZUDDIN ARIFFIN', vote=16000, status='lose', party=Party{id=2, name='PAKATAN HARAPAN (PH)'}, parliament=Parliament{id=6, name='Kubang Pasu', code='P.006', state=State{id=2, name='Kedah'}}}, Candidate{id=11, full_name='Muaz Bin Abdullah', display_name='MUAZ ABDULLAH', vote=2702, status='lose', party=Party{id=2, name='PAKATAN HARAPAN (PH)'}, parliament=Parliament{id=7, name='Padang Terap', code='P.007', state=State{id=2, name='Kedah'}}}, Candidate{id=12, full_name='Mahfuz Bin Omar', display_name='DATO WIRA HJ MAHFUZ OMAR', vote=20524, status='lose', party=Party{id=2, name='PAKATAN HARAPAN (PH)'}, parliament=Parliament{id=8, name='Pokok Sena', code='P.008', state=State{id=2, name='Kedah'}}}, Candidate{id=13, full_name='Ooi Tze Min', display_name='SIMON OOI TZE MIN', vote=27555, status='lose', party=Party{id=2, name='PAKATAN HARAPAN (PH)'}, parliament=Parliament{id=9, name='Alor Setar', code='P.009', state=State{id=2, name='Kedah'}}}, Candidate{id=14, full_name='Azman Bin Ismail', display_name='DR AZMAN ISMAIL', vote=28237, status='lose', party=Party{id=2, name='PAKATAN HARAPAN (PH)'}, parliament=Parliament{id=10, name='Kuala Kedah', code='P.010', state=State{id=2, name='Kedah'}}}, Candidate{id=15, full_name='Zulkifly Bin Mohamad', display_name='AMIN AHMAD', vote=8058, status='lose', party=Party{id=2, name='PAKATAN HARAPAN (PH)'}, parliament=Parliament{id=11, name='Pendang', code='P.011', state=State{id=2, name='Kedah'}}}]] 
2022-11-28 11:22:35.580  INFO 44280 --- [http-nio-8080-exec-6] c.m.result.logging.LoggingServiceImpl    : REQUEST method=[GET] path=[/api/v1/candidate/4] headers=[{postman-token=6ac1cc85-ded7-4690-b6f2-14eb28501420, host=localhost:8080, connection=keep-alive, cache-control=no-cache, accept-encoding=gzip, deflate, br, user-agent=PostmanRuntime/7.29.2, accept=*/*}] 
2022-11-28 11:22:35.587  INFO 44280 --- [http-nio-8080-exec-6] c.m.result.logging.LoggingServiceImpl    : RESPONSE method=[GET] path=[/api/v1/candidate/4] responseHeaders=[{}] responseBody=[Candidate{id=4, full_name='Zahidi Bin Zainul Abidin', display_name='ZAHIDI BIN ZAINUL ABIDIN', vote=1939, status='lose', party=Party{id=23, name='BEBAS (BEBAS)'}, parliament=Parliament{id=1, name='Padang Besar', code='P.001', state=State{id=1, name='Perlis'}}}] 
2022-11-28 11:22:40.826  INFO 44280 --- [http-nio-8080-exec-7] c.m.result.logging.LoggingServiceImpl    : REQUEST method=[GET] path=[/api/v1/candidate] headers=[{postman-token=231d40c8-19b8-4a4c-a1fe-364a108ab603, host=localhost:8080, connection=keep-alive, cache-control=no-cache, accept-encoding=gzip, deflate, br, user-agent=PostmanRuntime/7.29.2, accept=*/*}] parameters=[{full_name=Rushdan Bin Rusmi}] 
2022-11-28 11:22:40.832  INFO 44280 --- [http-nio-8080-exec-7] c.m.result.logging.LoggingServiceImpl    : RESPONSE method=[GET] path=[/api/v1/candidate] responseHeaders=[{}] responseBody=[[Candidate{id=1, full_name='Rushdan Bin Rusmi', display_name='RUSHDAN BIN RUSMI', vote=24267, status='win', party=Party{id=3, name='PERIKATAN NASIONAL (PN)'}, parliament=Parliament{id=1, name='Padang Besar', code='P.001', state=State{id=1, name='Perlis'}}}]] 
2022-11-28 11:22:45.215  INFO 44280 --- [http-nio-8080-exec-8] c.m.result.logging.LoggingServiceImpl    : REQUEST method=[GET] path=[/api/v1/candidate] headers=[{postman-token=734e629f-e710-44cc-bfc5-312bd03270c3, host=localhost:8080, connection=keep-alive, cache-control=no-cache, accept-encoding=gzip, deflate, br, user-agent=PostmanRuntime/7.29.2, accept=*/*}] parameters=[{full_name=KO CHU}] 
2022-11-28 11:22:45.219  INFO 44280 --- [http-nio-8080-exec-8] c.m.result.logging.LoggingServiceImpl    : RESPONSE method=[GET] path=[/api/v1/candidate] responseHeaders=[{}] responseBody=[[Candidate{id=5, full_name='Ko Chu Liang', display_name='KO CHU LIANG', vote=244, status='lose', party=Party{id=22, name='PARTI WARISAN SABAH (WARISAN)'}, parliament=Parliament{id=1, name='Padang Besar', code='P.001', state=State{id=1, name='Perlis'}}}]] 
2022-11-28 11:22:49.069  INFO 44280 --- [http-nio-8080-exec-9] c.m.result.logging.LoggingServiceImpl    : REQUEST method=[GET] path=[/api/v1/candidate] headers=[{postman-token=a687b10e-bc5d-4395-a23f-1ea52e2d95a9, host=localhost:8080, connection=keep-alive, cache-control=no-cache, accept-encoding=gzip, deflate, br, user-agent=PostmanRuntime/7.29.2, accept=*/*}] parameters=[{status=win}] 
2022-11-28 11:22:49.075  INFO 44280 --- [http-nio-8080-exec-9] c.m.result.logging.LoggingServiceImpl    : RESPONSE method=[GET] path=[/api/v1/candidate] responseHeaders=[{}] responseBody=[[Candidate{id=1, full_name='Rushdan Bin Rusmi', display_name='RUSHDAN BIN RUSMI', vote=24267, status='win', party=Party{id=3, name='PERIKATAN NASIONAL (PN)'}, parliament=Parliament{id=1, name='Padang Besar', code='P.001', state=State{id=1, name='Perlis'}}}]] 
2022-11-28 11:22:53.371  INFO 44280 --- [http-nio-8080-exec-10] c.m.result.logging.LoggingServiceImpl    : REQUEST method=[GET] path=[/api/v1/candidate] headers=[{postman-token=f64f93de-0141-4986-b1ce-3c4dcd003a0d, host=localhost:8080, connection=keep-alive, cache-control=no-cache, accept-encoding=gzip, deflate, br, user-agent=PostmanRuntime/7.29.2, accept=*/*}] parameters=[{status=lose}] 
2022-11-28 11:22:53.381  INFO 44280 --- [http-nio-8080-exec-10] c.m.result.logging.LoggingServiceImpl    : RESPONSE method=[GET] path=[/api/v1/candidate] responseHeaders=[{}] responseBody=[[Candidate{id=2, full_name='Zahida Binti Zarik Khan', display_name='ZAHIDA BINTI ZARIK KHAN', vote=11753, status='lose', party=Party{id=1, name='BARISAN NASIONAL (BN)'}, parliament=Parliament{id=1, name='Padang Besar', code='P.001', state=State{id=1, name='Perlis'}}}, Candidate{id=3, full_name='Mohamad Bin Saad @ Yahaya', display_name='KAPT (B) HJ MOHAMAD YAHAYA', vote=7085, status='lose', party=Party{id=2, name='PAKATAN HARAPAN (PH)'}, parliament=Parliament{id=1, name='Padang Besar', code='P.001', state=State{id=1, name='Perlis'}}}, Candidate{id=4, full_name='Zahidi Bin Zainul Abidin', display_name='ZAHIDI BIN ZAINUL ABIDIN', vote=1939, status='lose', party=Party{id=23, name='BEBAS (BEBAS)'}, parliament=Parliament{id=1, name='Padang Besar', code='P.001', state=State{id=1, name='Perlis'}}}, Candidate{id=5, full_name='Ko Chu Liang', display_name='KO CHU LIANG', vote=244, status='lose', party=Party{id=22, name='PARTI WARISAN SABAH (WARISAN)'}, parliament=Parliament{id=1, name='Padang Besar', code='P.001', state=State{id=1, name='Perlis'}}}, Candidate{id=6, full_name='Noor Amin Bin Ahmad', display_name='AMIN AHMAD', vote=15143, status='lose', party=Party{id=2, name='PAKATAN HARAPAN (PH)'}, parliament=Parliament{id=2, name='Kangar', code='P.002', state=State{id=1, name='Perlis'}}}, Candidate{id=7, full_name='Fathin Amelina Binti Fazlie', display_name='FATHIN AMELINA', vote=7089, status='lose', party=Party{id=2, name='PAKATAN HARAPAN (PH)'}, parliament=Parliament{id=3, name='Arau', code='P.003', state=State{id=1, name='Perlis'}}}, Candidate{id=8, full_name='Zabidi Bin Yahya', display_name='ZABIDI YAHYA', vote=5417, status='lose', party=Party{id=2, name='PAKATAN HARAPAN (PH)'}, parliament=Parliament{id=4, name='Langkawi', code='P.004', state=State{id=2, name='Kedah'}}}, Candidate{id=9, full_name='Mohamed Fadzil Bin Mohd Ali', display_name='DR. MOHAMED FADZIL MOHD ALI', vote=6419, status='lose', party=Party{id=2, name='PAKATAN HARAPAN (PH)'}, parliament=Parliament{id=5, name='Jerlun', code='P.005', state=State{id=2, name='Kedah'}}}, Candidate{id=10, full_name='Mohd Aizuddin Bin Ariffin', display_name='AIZUDDIN ARIFFIN', vote=16000, status='lose', party=Party{id=2, name='PAKATAN HARAPAN (PH)'}, parliament=Parliament{id=6, name='Kubang Pasu', code='P.006', state=State{id=2, name='Kedah'}}}, Candidate{id=11, full_name='Muaz Bin Abdullah', display_name='MUAZ ABDULLAH', vote=2702, status='lose', party=Party{id=2, name='PAKATAN HARAPAN (PH)'}, parliament=Parliament{id=7, name='Padang Terap', code='P.007', state=State{id=2, name='Kedah'}}}, Candidate{id=12, full_name='Mahfuz Bin Omar', display_name='DATO WIRA HJ MAHFUZ OMAR', vote=20524, status='lose', party=Party{id=2, name='PAKATAN HARAPAN (PH)'}, parliament=Parliament{id=8, name='Pokok Sena', code='P.008', state=State{id=2, name='Kedah'}}}, Candidate{id=13, full_name='Ooi Tze Min', display_name='SIMON OOI TZE MIN', vote=27555, status='lose', party=Party{id=2, name='PAKATAN HARAPAN (PH)'}, parliament=Parliament{id=9, name='Alor Setar', code='P.009', state=State{id=2, name='Kedah'}}}, Candidate{id=14, full_name='Azman Bin Ismail', display_name='DR AZMAN ISMAIL', vote=28237, status='lose', party=Party{id=2, name='PAKATAN HARAPAN (PH)'}, parliament=Parliament{id=10, name='Kuala Kedah', code='P.010', state=State{id=2, name='Kedah'}}}, Candidate{id=15, full_name='Zulkifly Bin Mohamad', display_name='AMIN AHMAD', vote=8058, status='lose', party=Party{id=2, name='PAKATAN HARAPAN (PH)'}, parliament=Parliament{id=11, name='Pendang', code='P.011', state=State{id=2, name='Kedah'}}}]] 
2022-11-28 11:23:04.146  INFO 44280 --- [http-nio-8080-exec-1] c.m.result.logging.LoggingServiceImpl    : REQUEST method=[GET] path=[/api/v1/party/2/candidate] headers=[{postman-token=eb6541bb-82a9-49bc-9e1b-9cb034d5bade, host=localhost:8080, connection=keep-alive, cache-control=no-cache, accept-encoding=gzip, deflate, br, user-agent=PostmanRuntime/7.29.2, accept=*/*}] parameters=[{size=10, page=0}] 
2022-11-28 11:23:04.164  INFO 44280 --- [http-nio-8080-exec-1] c.m.result.logging.LoggingServiceImpl    : RESPONSE method=[GET] path=[/api/v1/party/2/candidate] responseHeaders=[{}] responseBody=[{candidates=[Candidate{id=3, full_name='Mohamad Bin Saad @ Yahaya', display_name='KAPT (B) HJ MOHAMAD YAHAYA', vote=7085, status='lose', party=Party{id=2, name='PAKATAN HARAPAN (PH)'}, parliament=Parliament{id=1, name='Padang Besar', code='P.001', state=State{id=1, name='Perlis'}}}, Candidate{id=6, full_name='Noor Amin Bin Ahmad', display_name='AMIN AHMAD', vote=15143, status='lose', party=Party{id=2, name='PAKATAN HARAPAN (PH)'}, parliament=Parliament{id=2, name='Kangar', code='P.002', state=State{id=1, name='Perlis'}}}, Candidate{id=7, full_name='Fathin Amelina Binti Fazlie', display_name='FATHIN AMELINA', vote=7089, status='lose', party=Party{id=2, name='PAKATAN HARAPAN (PH)'}, parliament=Parliament{id=3, name='Arau', code='P.003', state=State{id=1, name='Perlis'}}}, Candidate{id=8, full_name='Zabidi Bin Yahya', display_name='ZABIDI YAHYA', vote=5417, status='lose', party=Party{id=2, name='PAKATAN HARAPAN (PH)'}, parliament=Parliament{id=4, name='Langkawi', code='P.004', state=State{id=2, name='Kedah'}}}, Candidate{id=9, full_name='Mohamed Fadzil Bin Mohd Ali', display_name='DR. MOHAMED FADZIL MOHD ALI', vote=6419, status='lose', party=Party{id=2, name='PAKATAN HARAPAN (PH)'}, parliament=Parliament{id=5, name='Jerlun', code='P.005', state=State{id=2, name='Kedah'}}}, Candidate{id=10, full_name='Mohd Aizuddin Bin Ariffin', display_name='AIZUDDIN ARIFFIN', vote=16000, status='lose', party=Party{id=2, name='PAKATAN HARAPAN (PH)'}, parliament=Parliament{id=6, name='Kubang Pasu', code='P.006', state=State{id=2, name='Kedah'}}}, Candidate{id=11, full_name='Muaz Bin Abdullah', display_name='MUAZ ABDULLAH', vote=2702, status='lose', party=Party{id=2, name='PAKATAN HARAPAN (PH)'}, parliament=Parliament{id=7, name='Padang Terap', code='P.007', state=State{id=2, name='Kedah'}}}, Candidate{id=12, full_name='Mahfuz Bin Omar', display_name='DATO WIRA HJ MAHFUZ OMAR', vote=20524, status='lose', party=Party{id=2, name='PAKATAN HARAPAN (PH)'}, parliament=Parliament{id=8, name='Pokok Sena', code='P.008', state=State{id=2, name='Kedah'}}}, Candidate{id=13, full_name='Ooi Tze Min', display_name='SIMON OOI TZE MIN', vote=27555, status='lose', party=Party{id=2, name='PAKATAN HARAPAN (PH)'}, parliament=Parliament{id=9, name='Alor Setar', code='P.009', state=State{id=2, name='Kedah'}}}, Candidate{id=14, full_name='Azman Bin Ismail', display_name='DR AZMAN ISMAIL', vote=28237, status='lose', party=Party{id=2, name='PAKATAN HARAPAN (PH)'}, parliament=Parliament{id=10, name='Kuala Kedah', code='P.010', state=State{id=2, name='Kedah'}}}], totalItems=11, totalPages=2, currentPage=0}] 
2022-11-28 11:23:13.157  INFO 44280 --- [http-nio-8080-exec-2] c.m.result.logging.LoggingServiceImpl    : REQUEST method=[GET] path=[/api/v1/party/2/candidate] headers=[{postman-token=137e48da-d565-4727-a979-2f8e0368d7d4, host=localhost:8080, connection=keep-alive, cache-control=no-cache, accept-encoding=gzip, deflate, br, user-agent=PostmanRuntime/7.29.2, accept=*/*}] parameters=[{size=10, page=1}] 
2022-11-28 11:23:13.163  INFO 44280 --- [http-nio-8080-exec-2] c.m.result.logging.LoggingServiceImpl    : RESPONSE method=[GET] path=[/api/v1/party/2/candidate] responseHeaders=[{}] responseBody=[{candidates=[Candidate{id=15, full_name='Zulkifly Bin Mohamad', display_name='AMIN AHMAD', vote=8058, status='lose', party=Party{id=2, name='PAKATAN HARAPAN (PH)'}, parliament=Parliament{id=11, name='Pendang', code='P.011', state=State{id=2, name='Kedah'}}}], totalItems=11, totalPages=2, currentPage=1}] 
2022-11-28 11:23:19.500  INFO 44280 --- [http-nio-8080-exec-3] c.m.result.logging.LoggingServiceImpl    : REQUEST method=[GET] path=[/api/v1/parliament/1/candidate] headers=[{postman-token=1833a16f-411c-4499-94fd-b9690ed4b566, host=localhost:8080, connection=keep-alive, cache-control=no-cache, accept-encoding=gzip, deflate, br, user-agent=PostmanRuntime/7.29.2, accept=*/*}] 
2022-11-28 11:23:19.511  INFO 44280 --- [http-nio-8080-exec-3] c.m.result.logging.LoggingServiceImpl    : RESPONSE method=[GET] path=[/api/v1/parliament/1/candidate] responseHeaders=[{}] responseBody=[[Candidate{id=1, full_name='Rushdan Bin Rusmi', display_name='RUSHDAN BIN RUSMI', vote=24267, status='win', party=Party{id=3, name='PERIKATAN NASIONAL (PN)'}, parliament=Parliament{id=1, name='Padang Besar', code='P.001', state=State{id=1, name='Perlis'}}}, Candidate{id=2, full_name='Zahida Binti Zarik Khan', display_name='ZAHIDA BINTI ZARIK KHAN', vote=11753, status='lose', party=Party{id=1, name='BARISAN NASIONAL (BN)'}, parliament=Parliament{id=1, name='Padang Besar', code='P.001', state=State{id=1, name='Perlis'}}}, Candidate{id=3, full_name='Mohamad Bin Saad @ Yahaya', display_name='KAPT (B) HJ MOHAMAD YAHAYA', vote=7085, status='lose', party=Party{id=2, name='PAKATAN HARAPAN (PH)'}, parliament=Parliament{id=1, name='Padang Besar', code='P.001', state=State{id=1, name='Perlis'}}}, Candidate{id=4, full_name='Zahidi Bin Zainul Abidin', display_name='ZAHIDI BIN ZAINUL ABIDIN', vote=1939, status='lose', party=Party{id=23, name='BEBAS (BEBAS)'}, parliament=Parliament{id=1, name='Padang Besar', code='P.001', state=State{id=1, name='Perlis'}}}, Candidate{id=5, full_name='Ko Chu Liang', display_name='KO CHU LIANG', vote=244, status='lose', party=Party{id=22, name='PARTI WARISAN SABAH (WARISAN)'}, parliament=Parliament{id=1, name='Padang Besar', code='P.001', state=State{id=1, name='Perlis'}}}]] 
2022-11-28 11:23:24.402  INFO 44280 --- [http-nio-8080-exec-4] c.m.result.logging.LoggingServiceImpl    : REQUEST method=[GET] path=[/api/v1/parliament/2/candidate] headers=[{postman-token=2a07d137-d930-4e0f-b6aa-5d2934723f6a, host=localhost:8080, connection=keep-alive, cache-control=no-cache, accept-encoding=gzip, deflate, br, user-agent=PostmanRuntime/7.29.2, accept=*/*}] 
2022-11-28 11:23:24.407  INFO 44280 --- [http-nio-8080-exec-4] c.m.result.logging.LoggingServiceImpl    : RESPONSE method=[GET] path=[/api/v1/parliament/2/candidate] responseHeaders=[{}] responseBody=[[Candidate{id=6, full_name='Noor Amin Bin Ahmad', display_name='AMIN AHMAD', vote=15143, status='lose', party=Party{id=2, name='PAKATAN HARAPAN (PH)'}, parliament=Parliament{id=2, name='Kangar', code='P.002', state=State{id=1, name='Perlis'}}}]] 
2022-11-28 11:23:30.876  INFO 44280 --- [http-nio-8080-exec-5] c.m.result.logging.LoggingServiceImpl    : REQUEST method=[GET] path=[/api/v1/parliament/23/candidate] headers=[{postman-token=e66f2727-37ee-4bec-9465-62bcede207c4, host=localhost:8080, connection=keep-alive, cache-control=no-cache, accept-encoding=gzip, deflate, br, user-agent=PostmanRuntime/7.29.2, accept=*/*}] 
2022-11-28 11:23:30.878  INFO 44280 --- [http-nio-8080-exec-5] c.m.result.logging.LoggingServiceImpl    : RESPONSE method=[GET] path=[/api/v1/parliament/23/candidate] responseHeaders=[{}] responseBody=[null] 
2022-11-28 11:23:33.916  INFO 44280 --- [http-nio-8080-exec-6] c.m.result.logging.LoggingServiceImpl    : REQUEST method=[GET] path=[/api/v1/parliament/3/candidate] headers=[{postman-token=5caefd03-0fd8-4fe7-aebf-ad921e4859db, host=localhost:8080, connection=keep-alive, cache-control=no-cache, accept-encoding=gzip, deflate, br, user-agent=PostmanRuntime/7.29.2, accept=*/*}] 
2022-11-28 11:23:33.923  INFO 44280 --- [http-nio-8080-exec-6] c.m.result.logging.LoggingServiceImpl    : RESPONSE method=[GET] path=[/api/v1/parliament/3/candidate] responseHeaders=[{}] responseBody=[[Candidate{id=7, full_name='Fathin Amelina Binti Fazlie', display_name='FATHIN AMELINA', vote=7089, status='lose', party=Party{id=2, name='PAKATAN HARAPAN (PH)'}, parliament=Parliament{id=3, name='Arau', code='P.003', state=State{id=1, name='Perlis'}}}]] 
2022-11-28 11:23:54.260  INFO 44280 --- [http-nio-8080-exec-7] c.m.result.logging.LoggingServiceImpl    : REQUEST method=[POST] path=[/api/v1/candidate] headers=[{content-length=132, postman-token=daaa1037-e600-44e5-92b9-f7df657c2980, host=localhost:8080, content-type=application/json, connection=keep-alive, cache-control=no-cache, accept-encoding=gzip, deflate, br, user-agent=PostmanRuntime/7.29.2, accept=*/*}] parameters=[{party_id=1, parliament_id=2}] body=[Candidate{id=0, full_name='Fathul Bari Bin Mat Jahya', display_name='DR FATHUL BARWWI', vote=15370, status='lose', party=null, parliament=null}]
2022-11-28 11:23:54.279  INFO 44280 --- [http-nio-8080-exec-7] c.m.result.logging.LoggingServiceImpl    : RESPONSE method=[POST] path=[/api/v1/candidate] responseHeaders=[{}] responseBody=[{data=Candidate{id=16, full_name='Fathul Bari Bin Mat Jahya', display_name='DR FATHUL BARWWI', vote=15370, status='lose', party=Party{id=1, name='BARISAN NASIONAL (BN)'}, parliament=Parliament{id=2, name='Kangar', code='P.002', state=State{id=1, name='Perlis'}}}, message=Data has been inserted.}] 
2022-11-28 11:24:17.152  INFO 44280 --- [http-nio-8080-exec-8] c.m.result.logging.LoggingServiceImpl    : REQUEST method=[PUT] path=[/api/v1/candidate/16] headers=[{content-length=130, postman-token=83425fc8-144d-40f9-b704-5080c1d9118e, host=localhost:8080, content-type=application/json, connection=keep-alive, cache-control=no-cache, accept-encoding=gzip, deflate, br, user-agent=PostmanRuntime/7.29.2, accept=*/*}] body=[Candidate{id=0, full_name='Fathul Bari Bin Mat Jahya', display_name='DR FATHUL BARI', vote=15370, status='lose', party=null, parliament=null}]
2022-11-28 11:24:17.162  INFO 44280 --- [http-nio-8080-exec-8] c.m.result.logging.LoggingServiceImpl    : RESPONSE method=[PUT] path=[/api/v1/candidate/16] responseHeaders=[{}] responseBody=[{data=Candidate{id=16, full_name='Fathul Bari Bin Mat Jahya', display_name='DR FATHUL BARI', vote=15370, status='lose', party=Party{id=1, name='BARISAN NASIONAL (BN)'}, parliament=Parliament{id=2, name='Kangar', code='P.002', state=State{id=1, name='Perlis'}}}, message=Data has been updated.}] 
2022-11-28 11:24:42.054  INFO 44280 --- [http-nio-8080-exec-9] c.m.result.logging.LoggingServiceImpl    : RESPONSE method=[DELETE] path=[/api/v1/candidate/19] responseHeaders=[{}] responseBody=[null] 
2022-11-28 11:24:45.287  INFO 44280 --- [http-nio-8080-exec-1] c.m.result.logging.LoggingServiceImpl    : RESPONSE method=[DELETE] path=[/api/v1/candidate/16] responseHeaders=[{}] responseBody=[null] 
2022-11-28 11:25:02.151  INFO 44280 --- [http-nio-8080-exec-2] c.m.result.logging.LoggingServiceImpl    : REQUEST method=[PUT] path=[/api/v1/candidate/162] headers=[{content-length=130, postman-token=c55d8c16-37c5-4a6d-854a-1de64adc60a0, host=localhost:8080, content-type=application/json, connection=keep-alive, cache-control=no-cache, accept-encoding=gzip, deflate, br, user-agent=PostmanRuntime/7.29.2, accept=*/*}] body=[Candidate{id=0, full_name='Fathul Bari Bin Mat Jahya', display_name='DR FATHUL BARI', vote=15370, status='lose', party=null, parliament=null}]
2022-11-28 11:25:02.155  INFO 44280 --- [http-nio-8080-exec-2] c.m.result.logging.LoggingServiceImpl    : RESPONSE method=[PUT] path=[/api/v1/candidate/162] responseHeaders=[{}] responseBody=[{message=Parliament with ID: 162 cannot be found.}] 
2022-11-28 11:25:25.075  INFO 44280 --- [SpringApplicationShutdownHook] j.LocalContainerEntityManagerFactoryBean : Closing JPA EntityManagerFactory for persistence unit 'default'
2022-11-28 11:25:25.076  INFO 44280 --- [SpringApplicationShutdownHook] com.zaxxer.hikari.HikariDataSource       : HikariPool-1 - Shutdown initiated...
2022-11-28 11:25:25.078  INFO 44280 --- [SpringApplicationShutdownHook] com.zaxxer.hikari.HikariDataSource       : HikariPool-1 - Shutdown completed.
